{"C:\\Users\\Ali Zekhnini\\Documents\\HE De Vinci\\2eme\\devops-exam-2024\\src\\services\\validations.js": {"path":"C:\\Users\\Ali Zekhnini\\Documents\\HE De Vinci\\2eme\\devops-exam-2024\\src\\services\\validations.js","statementMap":{"0":{"start":{"line":2,"column":16},"end":{"line":5,"column":1}},"1":{"start":{"line":3,"column":26},"end":{"line":3,"column":46}},"2":{"start":{"line":4,"column":4},"end":{"line":4,"column":49}},"3":{"start":{"line":7,"column":0},"end":{"line":7,"column":26}}},"fnMap":{"0":{"name":"(anonymous_0)","decl":{"start":{"line":2,"column":16},"end":{"line":2,"column":17}},"loc":{"start":{"line":2,"column":30},"end":{"line":5,"column":1}},"line":2}},"branchMap":{"0":{"loc":{"start":{"line":4,"column":11},"end":{"line":4,"column":48}},"type":"binary-expr","locations":[{"start":{"line":4,"column":11},"end":{"line":4,"column":24}},{"start":{"line":4,"column":28},"end":{"line":4,"column":48}}],"line":4}},"s":{"0":1,"1":3,"2":3,"3":1},"f":{"0":3},"b":{"0":[3,2]},"_coverageSchema":"1a1c01bbd47fc00a2c39e90264f33305004495a9","hash":"6b16901a136329fa2bb19c970c8671c6588e0cae"}
}
